build/app/intermediates/manifest_merge_blame_file/debug/manifest-merger-blame-debug-report.txt
1<?xml version="1.0" encoding="utf-8"?>
2<manifest xmlns:android="http://schemas.android.com/apk/res/android"
3    package="com.codecitty.MyUnicircle.MyUnicircle"
4    android:versionCode="1"
5    android:versionName="1.0.0" >
6
7    <uses-sdk
8        android:minSdkVersion="21"
9        android:targetSdkVersion="28" />
10    <!--
11         Flutter needs it to communicate with the running application
12         to allow setting breakpoints, to provide hot reload, etc.
13    -->
14    <uses-permission android:name="android.permission.INTERNET" />
14-->src/debug/AndroidManifest.xml:6:5-66
14-->src/debug/AndroidManifest.xml:6:22-64
15    <uses-permission android:name="android.permission.READ_EXTERNAL_STORAGE" />
15-->[:image_picker] AndroidManifest.xml:7:5-80
15-->[:image_picker] AndroidManifest.xml:7:22-77
16    <uses-permission android:name="android.permission.WRITE_EXTERNAL_STORAGE" />
16-->[:image_picker] AndroidManifest.xml:8:5-81
16-->[:image_picker] AndroidManifest.xml:8:22-78
17    <uses-permission android:name="android.permission.RECORD_AUDIO" />
17-->[:agora_rtc_engine] AndroidManifest.xml:8:5-71
17-->[:agora_rtc_engine] AndroidManifest.xml:8:22-68
18    <uses-permission android:name="android.permission.CAMERA" />
18-->[:agora_rtc_engine] AndroidManifest.xml:9:5-65
18-->[:agora_rtc_engine] AndroidManifest.xml:9:22-62
19    <uses-permission android:name="android.permission.MODIFY_AUDIO_SETTINGS" />
19-->[:agora_rtc_engine] AndroidManifest.xml:10:5-80
19-->[:agora_rtc_engine] AndroidManifest.xml:10:22-77
20    <uses-permission android:name="android.permission.ACCESS_NETWORK_STATE" />
20-->[:agora_rtc_engine] AndroidManifest.xml:11:5-79
20-->[:agora_rtc_engine] AndroidManifest.xml:11:22-76
21    <uses-permission android:name="android.permission.BLUETOOTH" />
21-->[:agora_rtc_engine] AndroidManifest.xml:13:5-68
21-->[:agora_rtc_engine] AndroidManifest.xml:13:22-65
22    <uses-permission android:name="android.permission.USE_BIOMETRIC" />
22-->[androidx.biometric:biometric:1.0.0-beta01] AndroidManifest.xml:24:5-72
22-->[androidx.biometric:biometric:1.0.0-beta01] AndroidManifest.xml:24:22-69
23    <uses-permission android:name="android.permission.USE_FINGERPRINT" />
23-->[androidx.biometric:biometric:1.0.0-beta01] AndroidManifest.xml:25:5-74
23-->[androidx.biometric:biometric:1.0.0-beta01] AndroidManifest.xml:25:22-71
24    <uses-permission android:name="android.permission.WAKE_LOCK" /> <!-- Required by older versions of Google Play services to create IID tokens -->
24-->[com.google.android.gms:play-services-measurement-api:17.4.1] AndroidManifest.xml:24:5-68
24-->[com.google.android.gms:play-services-measurement-api:17.4.1] AndroidManifest.xml:24:22-65
25    <uses-permission android:name="com.google.android.c2dm.permission.RECEIVE" />
25-->[com.google.firebase:firebase-iid:20.1.5] AndroidManifest.xml:26:5-82
25-->[com.google.firebase:firebase-iid:20.1.5] AndroidManifest.xml:26:22-79
26    <uses-permission android:name="com.google.android.finsky.permission.BIND_GET_INSTALL_REFERRER_SERVICE" />
26-->[com.google.android.gms:play-services-measurement:17.4.1] AndroidManifest.xml:26:5-110
26-->[com.google.android.gms:play-services-measurement:17.4.1] AndroidManifest.xml:26:22-107
27    <!--
28 io.flutter.app.FlutterApplication is an android.app.Application that
29         calls FlutterMain.startInitialization(this); in its onCreate method.
30         In most cases you can leave this as-is, but you if you want to provide
31         additional functionality it is fine to subclass or reimplement
32         FlutterApplication and put your custom class here.
33    -->
34    <application
34-->src/main/AndroidManifest.xml:8:5-46:19
35        android:name="io.flutter.app.FlutterApplication"
35-->src/main/AndroidManifest.xml:9:9-57
36        android:appComponentFactory="androidx.core.app.CoreComponentFactory"
36-->[androidx.core:core:1.1.0] AndroidManifest.xml:24:18-86
37        android:debuggable="true"
38        android:icon="@mipmap/ic_launcher"
38-->src/main/AndroidManifest.xml:11:9-43
39        android:label="MyUnicircle" >
39-->src/main/AndroidManifest.xml:10:9-36
40        <activity
40-->src/main/AndroidManifest.xml:12:9-40:20
41            android:name="com.codecitty.MyUnicircle.MyUnicircle.MainActivity"
41-->src/main/AndroidManifest.xml:13:13-41
42            android:configChanges="orientation|keyboardHidden|keyboard|screenSize|smallestScreenSize|locale|layoutDirection|fontScale|screenLayout|density|uiMode"
42-->src/main/AndroidManifest.xml:16:13-163
43            android:hardwareAccelerated="true"
43-->src/main/AndroidManifest.xml:17:13-47
44            android:launchMode="singleTop"
44-->src/main/AndroidManifest.xml:14:13-43
45            android:theme="@style/LaunchTheme"
45-->src/main/AndroidManifest.xml:15:13-47
46            android:windowSoftInputMode="adjustResize" >
46-->src/main/AndroidManifest.xml:18:13-55
47
48            <!--
49                 Specifies an Android theme to apply to this Activity as soon as
50                 the Android process has started. This theme is visible to the user
51                 while the Flutter UI initializes. After that, this theme continues
52                 to determine the Window background behind the Flutter UI.
53            -->
54            <meta-data
54-->src/main/AndroidManifest.xml:23:13-26:17
55                android:name="io.flutter.embedding.android.NormalTheme"
55-->src/main/AndroidManifest.xml:24:15-70
56                android:resource="@style/NormalTheme" />
56-->src/main/AndroidManifest.xml:25:15-52
57            <!--
58                 Displays an Android View that continues showing the launch screen
59                 Drawable until Flutter paints its first frame, then this splash
60                 screen fades out. A splash screen is useful to avoid any visual
61                 gap between the end of Android's launch screen and the painting of
62                 Flutter's first frame.
63            -->
64            <meta-data
64-->src/main/AndroidManifest.xml:32:13-35:17
65                android:name="io.flutter.embedding.android.SplashScreenDrawable"
65-->src/main/AndroidManifest.xml:33:15-79
66                android:resource="@drawable/launch_background" />
66-->src/main/AndroidManifest.xml:34:15-61
67
68            <intent-filter>
68-->src/main/AndroidManifest.xml:36:13-39:29
69                <action android:name="android.intent.action.MAIN" />
69-->src/main/AndroidManifest.xml:37:17-68
69-->src/main/AndroidManifest.xml:37:25-66
70
71                <category android:name="android.intent.category.LAUNCHER" />
71-->src/main/AndroidManifest.xml:38:17-76
71-->src/main/AndroidManifest.xml:38:27-74
72            </intent-filter>
73        </activity>
74        <!--
75             Don't delete the meta-data below.
76             This is used by the Flutter tool to generate GeneratedPluginRegistrant.java
77        -->
78        <meta-data
78-->src/main/AndroidManifest.xml:43:9-45:33
79            android:name="flutterEmbedding"
79-->src/main/AndroidManifest.xml:44:13-44
80            android:value="2" />
80-->src/main/AndroidManifest.xml:45:13-30
81
82        <service
82-->[:firebase_storage] AndroidManifest.xml:8:9-12:19
83            android:name="com.google.firebase.components.ComponentDiscoveryService"
83-->[:firebase_storage] AndroidManifest.xml:8:18-89
84            android:directBootAware="true"
84-->[com.google.firebase:firebase-common:19.3.0] AndroidManifest.xml:34:13-43
85            android:exported="false" >
85-->[com.google.firebase:firebase-auth:19.3.1] AndroidManifest.xml:35:13-37
86            <meta-data
86-->[:firebase_storage] AndroidManifest.xml:9:13-11:85
87                android:name="com.google.firebase.components:io.flutter.plugins.firebase.storage.FlutterFirebaseAppRegistrar"
87-->[:firebase_storage] AndroidManifest.xml:10:17-126
88                android:value="com.google.firebase.components.ComponentRegistrar" />
88-->[:firebase_storage] AndroidManifest.xml:11:17-82
89            <meta-data
89-->[:cloud_firestore] AndroidManifest.xml:9:13-11:85
90                android:name="com.google.firebase.components:io.flutter.plugins.firebase.firestore.FlutterFirebaseFirestoreRegistrar"
90-->[:cloud_firestore] AndroidManifest.xml:10:17-134
91                android:value="com.google.firebase.components.ComponentRegistrar" />
91-->[:cloud_firestore] AndroidManifest.xml:11:17-82
92            <meta-data
92-->[:firebase_auth] AndroidManifest.xml:9:13-11:85
93                android:name="com.google.firebase.components:io.flutter.plugins.firebase.auth.FlutterFirebaseAuthRegistrar"
93-->[:firebase_auth] AndroidManifest.xml:10:17-124
94                android:value="com.google.firebase.components.ComponentRegistrar" />
94-->[:firebase_auth] AndroidManifest.xml:11:17-82
95            <meta-data
95-->[:firebase_core] AndroidManifest.xml:9:13-11:85
96                android:name="com.google.firebase.components:io.flutter.plugins.firebase.core.FlutterFirebaseCoreRegistrar"
96-->[:firebase_core] AndroidManifest.xml:10:17-124
97                android:value="com.google.firebase.components.ComponentRegistrar" />
97-->[:firebase_core] AndroidManifest.xml:11:17-82
98            <meta-data
98-->[com.google.firebase:firebase-auth:19.3.1] AndroidManifest.xml:36:13-38:85
99                android:name="com.google.firebase.components:com.google.firebase.auth.FirebaseAuthRegistrar"
99-->[com.google.firebase:firebase-auth:19.3.1] AndroidManifest.xml:37:17-109
100                android:value="com.google.firebase.components.ComponentRegistrar" />
100-->[com.google.firebase:firebase-auth:19.3.1] AndroidManifest.xml:38:17-82
101            <meta-data
101-->[com.google.firebase:firebase-storage:19.1.1] AndroidManifest.xml:33:13-35:85
102                android:name="com.google.firebase.components:com.google.firebase.storage.StorageRegistrar"
102-->[com.google.firebase:firebase-storage:19.1.1] AndroidManifest.xml:34:17-107
103                android:value="com.google.firebase.components.ComponentRegistrar" />
103-->[com.google.firebase:firebase-storage:19.1.1] AndroidManifest.xml:35:17-82
104            <meta-data
104-->[com.google.firebase:firebase-firestore:21.4.3] AndroidManifest.xml:20:13-22:85
105                android:name="com.google.firebase.components:com.google.firebase.firestore.FirestoreRegistrar"
105-->[com.google.firebase:firebase-firestore:21.4.3] AndroidManifest.xml:21:17-111
106                android:value="com.google.firebase.components.ComponentRegistrar" />
106-->[com.google.firebase:firebase-firestore:21.4.3] AndroidManifest.xml:22:17-82
107            <meta-data
107-->[com.google.android.gms:play-services-measurement-api:17.4.1] AndroidManifest.xml:30:13-32:85
108                android:name="com.google.firebase.components:com.google.firebase.analytics.connector.internal.AnalyticsConnectorRegistrar"
108-->[com.google.android.gms:play-services-measurement-api:17.4.1] AndroidManifest.xml:31:17-139
109                android:value="com.google.firebase.components.ComponentRegistrar" />
109-->[com.google.android.gms:play-services-measurement-api:17.4.1] AndroidManifest.xml:32:17-82
110            <meta-data
110-->[com.google.firebase:firebase-iid:20.1.5] AndroidManifest.xml:32:13-34:85
111                android:name="com.google.firebase.components:com.google.firebase.iid.Registrar"
111-->[com.google.firebase:firebase-iid:20.1.5] AndroidManifest.xml:33:17-96
112                android:value="com.google.firebase.components.ComponentRegistrar" />
112-->[com.google.firebase:firebase-iid:20.1.5] AndroidManifest.xml:34:17-82
113            <meta-data
113-->[com.google.firebase:firebase-installations:16.2.1] AndroidManifest.xml:17:13-19:85
114                android:name="com.google.firebase.components:com.google.firebase.installations.FirebaseInstallationsRegistrar"
114-->[com.google.firebase:firebase-installations:16.2.1] AndroidManifest.xml:18:17-127
115                android:value="com.google.firebase.components.ComponentRegistrar" />
115-->[com.google.firebase:firebase-installations:16.2.1] AndroidManifest.xml:19:17-82
116        </service>
117
118        <provider
118-->[:image_picker] AndroidManifest.xml:11:9-19:20
119            android:name="io.flutter.plugins.imagepicker.ImagePickerFileProvider"
119-->[:image_picker] AndroidManifest.xml:12:13-82
120            android:authorities="com.codecitty.MyUnicircle.MyUnicircle.flutter.image_provider"
120-->[:image_picker] AndroidManifest.xml:13:13-74
121            android:exported="false"
121-->[:image_picker] AndroidManifest.xml:14:13-37
122            android:grantUriPermissions="true" >
122-->[:image_picker] AndroidManifest.xml:15:13-47
123            <meta-data
123-->[:image_picker] AndroidManifest.xml:16:13-18:75
124                android:name="android.support.FILE_PROVIDER_PATHS"
124-->[:image_picker] AndroidManifest.xml:17:17-67
125                android:resource="@xml/flutter_image_picker_file_paths" />
125-->[:image_picker] AndroidManifest.xml:18:17-72
126        </provider>
127
128        <activity
128-->[:flutter_paystack] AndroidManifest.xml:10:9-12:54
129            android:name="co.paystack.flutterpaystack.AuthActivity"
129-->[:flutter_paystack] AndroidManifest.xml:11:13-68
130            android:theme="@style/Paystack.Dialog" />
130-->[:flutter_paystack] AndroidManifest.xml:12:13-51
131
132        <provider
132-->[com.sangcomz:FishBun:0.11.2] AndroidManifest.xml:12:9-20:20
133            android:name="com.sangcomz.fishbun.FishBunFileProvider"
133-->[com.sangcomz:FishBun:0.11.2] AndroidManifest.xml:13:13-68
134            android:authorities="com.codecitty.MyUnicircle.MyUnicircle.fishbunfileprovider"
134-->[com.sangcomz:FishBun:0.11.2] AndroidManifest.xml:14:13-71
135            android:exported="false"
135-->[com.sangcomz:FishBun:0.11.2] AndroidManifest.xml:15:13-37
136            android:grantUriPermissions="true" >
136-->[com.sangcomz:FishBun:0.11.2] AndroidManifest.xml:16:13-47
137            <meta-data
137-->[:image_picker] AndroidManifest.xml:16:13-18:75
138                android:name="android.support.FILE_PROVIDER_PATHS"
138-->[:image_picker] AndroidManifest.xml:17:17-67
139                android:resource="@xml/provider_paths" />
139-->[:image_picker] AndroidManifest.xml:18:17-72
140        </provider>
141
142        <activity
142-->[com.sangcomz:FishBun:0.11.2] AndroidManifest.xml:22:9-25:51
143            android:name="com.sangcomz.fishbun.ui.album.AlbumActivity"
143-->[com.sangcomz:FishBun:0.11.2] AndroidManifest.xml:23:13-71
144            android:label="@string/album"
144-->[com.sangcomz:FishBun:0.11.2] AndroidManifest.xml:24:13-42
145            android:theme="@style/FishBunTheme" />
145-->[com.sangcomz:FishBun:0.11.2] AndroidManifest.xml:25:13-48
146        <activity
146-->[com.sangcomz:FishBun:0.11.2] AndroidManifest.xml:26:9-28:51
147            android:name="com.sangcomz.fishbun.ui.picker.PickerActivity"
147-->[com.sangcomz:FishBun:0.11.2] AndroidManifest.xml:27:13-73
148            android:theme="@style/FishBunTheme" />
148-->[com.sangcomz:FishBun:0.11.2] AndroidManifest.xml:28:13-48
149        <activity
149-->[com.sangcomz:FishBun:0.11.2] AndroidManifest.xml:29:9-31:54
150            android:name="com.sangcomz.fishbun.ui.detail.DetailActivity"
150-->[com.sangcomz:FishBun:0.11.2] AndroidManifest.xml:30:13-73
151            android:theme="@style/DetailViewTheme" />
151-->[com.sangcomz:FishBun:0.11.2] AndroidManifest.xml:31:13-51
152        <activity
152-->[androidx.biometric:biometric:1.0.0-beta01] AndroidManifest.xml:28:9-30:67
153            android:name="androidx.biometric.DeviceCredentialHandlerActivity"
153-->[androidx.biometric:biometric:1.0.0-beta01] AndroidManifest.xml:29:13-78
154            android:theme="@style/DeviceCredentialHandlerTheme" />
154-->[androidx.biometric:biometric:1.0.0-beta01] AndroidManifest.xml:30:13-64
155        <activity
155-->[com.google.firebase:firebase-auth:19.3.1] AndroidManifest.xml:24:9-31:50
156            android:name="com.google.firebase.auth.internal.FederatedSignInActivity"
156-->[com.google.firebase:firebase-auth:19.3.1] AndroidManifest.xml:25:13-85
157            android:excludeFromRecents="true"
157-->[com.google.firebase:firebase-auth:19.3.1] AndroidManifest.xml:26:13-46
158            android:exported="true"
158-->[com.google.firebase:firebase-auth:19.3.1] AndroidManifest.xml:27:13-36
159            android:launchMode="singleTask"
159-->[com.google.firebase:firebase-auth:19.3.1] AndroidManifest.xml:28:13-44
160            android:permission="com.google.firebase.auth.api.gms.permission.LAUNCH_FEDERATED_SIGN_IN"
160-->[com.google.firebase:firebase-auth:19.3.1] AndroidManifest.xml:29:13-102
161            android:theme="@android:style/Theme.Translucent.NoTitleBar" />
161-->[com.google.firebase:firebase-auth:19.3.1] AndroidManifest.xml:30:13-72
162
163        <receiver
163-->[com.google.firebase:firebase-iid:20.1.5] AndroidManifest.xml:37:9-44:20
164            android:name="com.google.firebase.iid.FirebaseInstanceIdReceiver"
164-->[com.google.firebase:firebase-iid:20.1.5] AndroidManifest.xml:38:13-78
165            android:exported="true"
165-->[com.google.firebase:firebase-iid:20.1.5] AndroidManifest.xml:39:13-36
166            android:permission="com.google.android.c2dm.permission.SEND" >
166-->[com.google.firebase:firebase-iid:20.1.5] AndroidManifest.xml:40:13-73
167            <intent-filter>
167-->[com.google.firebase:firebase-iid:20.1.5] AndroidManifest.xml:41:13-43:29
168                <action android:name="com.google.android.c2dm.intent.RECEIVE" />
168-->[com.google.firebase:firebase-iid:20.1.5] AndroidManifest.xml:42:17-81
168-->[com.google.firebase:firebase-iid:20.1.5] AndroidManifest.xml:42:25-78
169            </intent-filter>
170        </receiver>
171
172        <activity
172-->[com.google.android.gms:play-services-base:17.1.0] AndroidManifest.xml:23:9-26:75
173            android:name="com.google.android.gms.common.api.GoogleApiActivity"
173-->[com.google.android.gms:play-services-base:17.1.0] AndroidManifest.xml:24:13-79
174            android:exported="false"
174-->[com.google.android.gms:play-services-base:17.1.0] AndroidManifest.xml:25:13-37
175            android:theme="@android:style/Theme.Translucent.NoTitleBar" />
175-->[com.google.android.gms:play-services-base:17.1.0] AndroidManifest.xml:26:13-72
176
177        <provider
177-->[com.google.firebase:firebase-common:19.3.0] AndroidManifest.xml:26:9-30:39
178            android:name="com.google.firebase.provider.FirebaseInitProvider"
178-->[com.google.firebase:firebase-common:19.3.0] AndroidManifest.xml:27:13-77
179            android:authorities="com.codecitty.MyUnicircle.MyUnicircle.firebaseinitprovider"
179-->[com.google.firebase:firebase-common:19.3.0] AndroidManifest.xml:28:13-72
180            android:exported="false"
180-->[com.google.firebase:firebase-common:19.3.0] AndroidManifest.xml:29:13-37
181            android:initOrder="100" />
181-->[com.google.firebase:firebase-common:19.3.0] AndroidManifest.xml:30:13-36
182
183        <receiver
183-->[com.google.android.gms:play-services-measurement:17.4.1] AndroidManifest.xml:29:9-33:20
184            android:name="com.google.android.gms.measurement.AppMeasurementReceiver"
184-->[com.google.android.gms:play-services-measurement:17.4.1] AndroidManifest.xml:30:13-85
185            android:enabled="true"
185-->[com.google.android.gms:play-services-measurement:17.4.1] AndroidManifest.xml:31:13-35
186            android:exported="false" >
186-->[com.google.android.gms:play-services-measurement:17.4.1] AndroidManifest.xml:32:13-37
187        </receiver>
188
189        <service
189-->[com.google.android.gms:play-services-measurement:17.4.1] AndroidManifest.xml:35:9-38:40
190            android:name="com.google.android.gms.measurement.AppMeasurementService"
190-->[com.google.android.gms:play-services-measurement:17.4.1] AndroidManifest.xml:36:13-84
191            android:enabled="true"
191-->[com.google.android.gms:play-services-measurement:17.4.1] AndroidManifest.xml:37:13-35
192            android:exported="false" />
192-->[com.google.android.gms:play-services-measurement:17.4.1] AndroidManifest.xml:38:13-37
193        <service
193-->[com.google.android.gms:play-services-measurement:17.4.1] AndroidManifest.xml:39:9-43:72
194            android:name="com.google.android.gms.measurement.AppMeasurementJobService"
194-->[com.google.android.gms:play-services-measurement:17.4.1] AndroidManifest.xml:40:13-87
195            android:enabled="true"
195-->[com.google.android.gms:play-services-measurement:17.4.1] AndroidManifest.xml:41:13-35
196            android:exported="false"
196-->[com.google.android.gms:play-services-measurement:17.4.1] AndroidManifest.xml:42:13-37
197            android:permission="android.permission.BIND_JOB_SERVICE" />
197-->[com.google.android.gms:play-services-measurement:17.4.1] AndroidManifest.xml:43:13-69
198
199        <meta-data
199-->[com.google.android.gms:play-services-basement:17.0.0] AndroidManifest.xml:23:9-25:69
200            android:name="com.google.android.gms.version"
200-->[com.google.android.gms:play-services-basement:17.0.0] AndroidManifest.xml:24:13-58
201            android:value="@integer/google_play_services_version" />
201-->[com.google.android.gms:play-services-basement:17.0.0] AndroidManifest.xml:25:13-66
202    </application>
203
204</manifest>